{ message:
   'MongoDB is connected on mongodb://database:27000/?authSource=admin',
  level: 'info',
  timestamp: '2019-11-10T11:32:56.096Z' }
{ message:
   'Sockets are established on path: http://localhost:8080/socket.io-client',
  level: 'info',
  timestamp: '2019-11-10T11:32:56.221Z' }
{ message: 'Minio client connected at: http://minio:9000',
  level: 'info',
  timestamp: '2019-11-10T11:32:56.561Z' }
{ message:
   'Server started in "development" mode. Available on: http://localhost:8080',
  level: 'info',
  timestamp: '2019-11-10T11:32:56.610Z' }
{ name: 'MongoTimeoutError',
  reason:
   { MongoError: Authentication failed.
       at Function._getError (/backend/node_modules/mongodb/lib/core/auth/scram.js:125:14)
       at sendAuthCommand (/backend/node_modules/mongodb/lib/core/auth/scram.js:175:31)
       at Connection.messageHandler (/backend/node_modules/mongodb/lib/core/connection/connect.js:334:5)
       at Connection.emit (events.js:198:13)
       at processMessage (/backend/node_modules/mongodb/lib/core/connection/connection.js:368:10)
       at Socket.<anonymous> (/backend/node_modules/mongodb/lib/core/connection/connection.js:537:15)
       at Socket.emit (events.js:198:13)
       at addChunk (_stream_readable.js:288:12)
       at readableAddChunk (_stream_readable.js:269:11)
       at Socket.Readable.push (_stream_readable.js:224:10)
       at TCP.onStreamRead [as onread] (internal/stream_base_commons.js:94:17)
     name: 'MongoNetworkError',
     errorLabels: [ 'TransientTransactionError' ],
     [Symbol(mongoErrorContextSymbol)]: {} },
  level: 'error',
  message:
   'MongoDB connection error: Server selection timed out after 30000 ms',
  stack:
   'MongoTimeoutError: Server selection timed out after 30000 ms\n    at Timeout.setTimeout (/backend/node_modules/mongodb/lib/core/sdam/topology.js:878:9)\n    at ontimeout (timers.js:436:11)\n    at tryOnTimeout (timers.js:300:5)\n    at listOnTimeout (timers.js:263:5)\n    at Timer.processTimers (timers.js:223:10)',
  timestamp: '2019-11-12T19:02:47.316Z',
  [Symbol(mongoErrorContextSymbol)]: {} }
{ message:
   'MongoDB is connected on mongodb://database:27000/?authSource=admin',
  level: 'info',
  timestamp: '2019-11-12T19:05:48.364Z' }
{ message:
   'Sockets are established on path: http://localhost:8080/socket.io-client',
  level: 'info',
  timestamp: '2019-11-12T19:05:48.581Z' }
{ message: 'Minio client connected at: http://minio:9000',
  level: 'info',
  timestamp: '2019-11-12T19:05:48.910Z' }
{ message:
   'Server started in "development" mode. Available on: http://localhost:8080',
  level: 'info',
  timestamp: '2019-11-12T19:05:48.949Z' }
{ message:
   'MongoDB is connected on mongodb://database:27000/?authSource=admin',
  level: 'info',
  timestamp: '2019-11-13T11:07:19.267Z' }
{ message:
   'Sockets are established on path: http://localhost:8080/socket.io-client',
  level: 'info',
  timestamp: '2019-11-13T11:07:19.480Z' }
{ errno: 'ENOTFOUND',
  code: 'ENOTFOUND',
  syscall: 'getaddrinfo',
  hostname: 'redis',
  host: 'redis',
  port: 8081,
  level: 'error',
  message:
   'Socket server failed due to: Redis connection to redis:8081 failed - getaddrinfo ENOTFOUND redis redis:8081',
  stack:
   'Error: Redis connection to redis:8081 failed - getaddrinfo ENOTFOUND redis redis:8081\n    at GetAddrInfoReqWrap.onlookup [as oncomplete] (dns.js:56:26)',
  timestamp: '2019-11-13T11:07:20.234Z' }
{ errno: 'ENOTFOUND',
  code: 'ENOTFOUND',
  syscall: 'getaddrinfo',
  hostname: 'redis',
  host: 'redis',
  port: 8081,
  level: 'error',
  message:
   'Socket server failed due to: Redis connection to redis:8081 failed - getaddrinfo ENOTFOUND redis redis:8081',
  stack:
   'Error: Redis connection to redis:8081 failed - getaddrinfo ENOTFOUND redis redis:8081\n    at GetAddrInfoReqWrap.onlookup [as oncomplete] (dns.js:56:26)',
  timestamp: '2019-11-13T11:07:20.387Z' }
{ errno: 'ENOTFOUND',
  code: 'ENOTFOUND',
  syscall: 'getaddrinfo',
  hostname: 'minio',
  host: 'minio',
  port: 9000,
  level: 'error',
  message:
   'Minio client failed to be initiatedgetaddrinfo ENOTFOUND minio minio:9000',
  stack:
   'Error: getaddrinfo ENOTFOUND minio minio:9000\n    at GetAddrInfoReqWrap.onlookup [as oncomplete] (dns.js:56:26)',
  timestamp: '2019-11-13T11:07:21.234Z' }
{ message:
   'Server started in "development" mode. Available on: http://localhost:8080',
  level: 'info',
  timestamp: '2019-11-13T11:07:21.294Z' }
{ errno: 'ENOTFOUND',
  code: 'ENOTFOUND',
  syscall: 'getaddrinfo',
  hostname: 'redis',
  host: 'redis',
  port: 8081,
  level: 'error',
  message:
   'Socket server failed due to: Redis connection to redis:8081 failed - getaddrinfo ENOTFOUND redis redis:8081',
  stack:
   'Error: Redis connection to redis:8081 failed - getaddrinfo ENOTFOUND redis redis:8081\n    at GetAddrInfoReqWrap.onlookup [as oncomplete] (dns.js:56:26)',
  timestamp: '2019-11-13T11:07:21.419Z' }
{ errno: 'ENOTFOUND',
  code: 'ENOTFOUND',
  syscall: 'getaddrinfo',
  hostname: 'redis',
  host: 'redis',
  port: 8081,
  level: 'error',
  message:
   'Socket server failed due to: Redis connection to redis:8081 failed - getaddrinfo ENOTFOUND redis redis:8081',
  stack:
   'Error: Redis connection to redis:8081 failed - getaddrinfo ENOTFOUND redis redis:8081\n    at GetAddrInfoReqWrap.onlookup [as oncomplete] (dns.js:56:26)',
  timestamp: '2019-11-13T11:07:22.221Z' }
{ errno: 'ENOTFOUND',
  code: 'ENOTFOUND',
  syscall: 'getaddrinfo',
  hostname: 'redis',
  host: 'redis',
  port: 8081,
  level: 'error',
  message:
   'Socket server failed due to: Redis connection to redis:8081 failed - getaddrinfo ENOTFOUND redis redis:8081',
  stack:
   'Error: Redis connection to redis:8081 failed - getaddrinfo ENOTFOUND redis redis:8081\n    at GetAddrInfoReqWrap.onlookup [as oncomplete] (dns.js:56:26)',
  timestamp: '2019-11-13T11:07:22.722Z' }
{ errno: 'ENOTFOUND',
  code: 'ENOTFOUND',
  syscall: 'getaddrinfo',
  hostname: 'redis',
  host: 'redis',
  port: 8081,
  level: 'error',
  message:
   'Socket server failed due to: Redis connection to redis:8081 failed - getaddrinfo ENOTFOUND redis redis:8081',
  stack:
   'Error: Redis connection to redis:8081 failed - getaddrinfo ENOTFOUND redis redis:8081\n    at GetAddrInfoReqWrap.onlookup [as oncomplete] (dns.js:56:26)',
  timestamp: '2019-11-13T11:07:23.522Z' }
{ errno: 'ENOTFOUND',
  code: 'ENOTFOUND',
  syscall: 'getaddrinfo',
  hostname: 'redis',
  host: 'redis',
  port: 8081,
  level: 'error',
  message:
   'Socket server failed due to: Redis connection to redis:8081 failed - getaddrinfo ENOTFOUND redis redis:8081',
  stack:
   'Error: Redis connection to redis:8081 failed - getaddrinfo ENOTFOUND redis redis:8081\n    at GetAddrInfoReqWrap.onlookup [as oncomplete] (dns.js:56:26)',
  timestamp: '2019-11-13T11:07:24.321Z' }
{ errno: 'ENOTFOUND',
  code: 'ENOTFOUND',
  syscall: 'getaddrinfo',
  hostname: 'redis',
  host: 'redis',
  port: 8081,
  level: 'error',
  message:
   'Socket server failed due to: Redis connection to redis:8081 failed - getaddrinfo ENOTFOUND redis redis:8081',
  stack:
   'Error: Redis connection to redis:8081 failed - getaddrinfo ENOTFOUND redis redis:8081\n    at GetAddrInfoReqWrap.onlookup [as oncomplete] (dns.js:56:26)',
  timestamp: '2019-11-13T11:07:25.134Z' }
{ errno: 'ENOTFOUND',
  code: 'ENOTFOUND',
  syscall: 'getaddrinfo',
  hostname: 'redis',
  host: 'redis',
  port: 8081,
  level: 'error',
  message:
   'Socket server failed due to: Redis connection to redis:8081 failed - getaddrinfo ENOTFOUND redis redis:8081',
  stack:
   'Error: Redis connection to redis:8081 failed - getaddrinfo ENOTFOUND redis redis:8081\n    at GetAddrInfoReqWrap.onlookup [as oncomplete] (dns.js:56:26)',
  timestamp: '2019-11-13T11:07:26.326Z' }
{ errno: 'ENOTFOUND',
  code: 'ENOTFOUND',
  syscall: 'getaddrinfo',
  hostname: 'redis',
  host: 'redis',
  port: 8081,
  level: 'error',
  message:
   'Socket server failed due to: Redis connection to redis:8081 failed - getaddrinfo ENOTFOUND redis redis:8081',
  stack:
   'Error: Redis connection to redis:8081 failed - getaddrinfo ENOTFOUND redis redis:8081\n    at GetAddrInfoReqWrap.onlookup [as oncomplete] (dns.js:56:26)',
  timestamp: '2019-11-13T11:07:27.119Z' }
{ errno: 'ENOTFOUND',
  code: 'ENOTFOUND',
  syscall: 'getaddrinfo',
  hostname: 'redis',
  host: 'redis',
  port: 8081,
  level: 'error',
  message:
   'Socket server failed due to: Redis connection to redis:8081 failed - getaddrinfo ENOTFOUND redis redis:8081',
  stack:
   'Error: Redis connection to redis:8081 failed - getaddrinfo ENOTFOUND redis redis:8081\n    at GetAddrInfoReqWrap.onlookup [as oncomplete] (dns.js:56:26)',
  timestamp: '2019-11-13T11:07:29.024Z' }
{ errno: 'ECONNREFUSED',
  code: 'ECONNREFUSED',
  syscall: 'connect',
  address: '172.20.0.6',
  port: 8081,
  level: 'error',
  message:
   'Socket server failed due to: Redis connection to redis:8081 failed - connect ECONNREFUSED 172.20.0.6:8081',
  stack:
   'Error: Redis connection to redis:8081 failed - connect ECONNREFUSED 172.20.0.6:8081\n    at TCPConnectWrap.afterConnect [as oncomplete] (net.js:1106:14)',
  timestamp: '2019-11-13T11:07:30.954Z' }
